<?xml version="1.0" encoding="UTF-8"?>
<!-- Generated by org.testng.reporters.JUnitXMLReporter -->
<testsuite hostname="DESKTOP-OVPEI7U" ignored="0" name="Test" tests="3" failures="0" timestamp="2022-07-26T12:55:49 IST" time="0.047" errors="0">
  <testcase name="Laptop" time="0.015" classname="com.testng_features.convertjavatoxml"/>
  <testcase name="headphones" time="0.0" classname="com.testng_features.convertjavatoxml"/>
  <testcase name="mobile" time="0.016" classname="com.testng_features.convertjavatoxml"/>
</testsuite> <!-- Test -->
